# JRE version: OpenJDK Runtime Environment (24.0.1+9) (build 24.0.1+9-30)
# Java VM: OpenJDK 64-Bit Server VM (24.0.1+9-30, mixed mode, emulated-client, sharing, tiered, compressed oops, compressed class ptrs, g1 gc, windows-amd64)
GC Precious Log:
 CardTable entry size: 512
 Card Set container configuration: InlinePtr #cards 4 size 8 Array Of Cards #cards 64 size 144 Howl #buckets 8 coarsen threshold 14745 Howl Bitmap #cards 2048 size 272 coarsen threshold 1843 Card regions per heap region 1 cards per card region 16384
 CPUs: 24 total, 24 available
 Memory: 49054M
 Large Page Support: Disabled
 NUMA Support: Disabled
 Compressed Oops: Enabled (Zero based)
 Heap Region Size: 8M
 Heap Min Capacity: 8M
 Heap Initial Capacity: 768M
 Heap Max Capacity: 12264M
 Pre-touch: Disabled
 Parallel Workers: 18
 Concurrent Workers: 5
 Concurrent Refinement Workers: 18
 Periodic GC: Disabled
Heap:
 garbage-first heap   total reserved 12558336K, committed 1204224K, used 436151K [0x0000000501800000, 0x0000000800000000)
  region size 8192K, 13 young (106496K), 2 survivors (16384K)
 Metaspace       used 90847K, committed 91840K, reserved 1179648K
  class space    used 11233K, committed 11648K, reserved 1048576K
GC Heap History (20 events):
Event: 15.653 GC heap before
{Heap before GC invocations=24 (full 0):
 garbage-first heap   total reserved 12558336K, committed 573440K, used 416695K [0x0000000501800000, 0x0000000800000000)
  region size 8192K, 42 young (344064K), 6 survivors (49152K)
 Metaspace       used 78398K, committed 78976K, reserved 1179648K
  class space    used 9562K, committed 9792K, reserved 1048576K
}
Event: 15.679 GC heap after
{Heap after GC invocations=25 (full 0):
 garbage-first heap   total reserved 12558336K, committed 573440K, used 133044K [0x0000000501800000, 0x0000000800000000)
  region size 8192K, 2 young (16384K), 2 survivors (16384K)
 Metaspace       used 78398K, committed 78976K, reserved 1179648K
  class space    used 9562K, committed 9792K, reserved 1048576K
}
Event: 16.442 GC heap before
{Heap before GC invocations=25 (full 0):
 garbage-first heap   total reserved 12558336K, committed 573440K, used 436148K [0x0000000501800000, 0x0000000800000000)
  region size 8192K, 39 young (319488K), 2 survivors (16384K)
 Metaspace       used 78399K, committed 78976K, reserved 1179648K
  class space    used 9562K, committed 9792K, reserved 1048576K
}
Event: 16.451 GC heap after
{Heap after GC invocations=26 (full 0):
 garbage-first heap   total reserved 12558336K, committed 720896K, used 135849K [0x0000000501800000, 0x0000000800000000)
  region size 8192K, 2 young (16384K), 2 survivors (16384K)
 Metaspace       used 78399K, committed 78976K, reserved 1179648K
  class space    used 9562K, committed 9792K, reserved 1048576K
}
Event: 17.588 GC heap before
{Heap before GC invocations=26 (full 0):
 garbage-first heap   total reserved 12558336K, committed 720896K, used 545449K [0x0000000501800000, 0x0000000800000000)
  region size 8192K, 52 young (425984K), 2 survivors (16384K)
 Metaspace       used 78406K, committed 78976K, reserved 1179648K
  class space    used 9564K, committed 9792K, reserved 1048576K
}
Event: 17.634 GC heap after
{Heap after GC invocations=27 (full 0):
 garbage-first heap   total reserved 12558336K, committed 720896K, used 217121K [0x0000000501800000, 0x0000000800000000)
  region size 8192K, 7 young (57344K), 7 survivors (57344K)
 Metaspace       used 78406K, committed 78976K, reserved 1179648K
  class space    used 9564K, committed 9792K, reserved 1048576K
}
Event: 18.396 GC heap before
{Heap before GC invocations=27 (full 0):
 garbage-first heap   total reserved 12558336K, committed 720896K, used 552993K [0x0000000501800000, 0x0000000800000000)
  region size 8192K, 47 young (385024K), 7 survivors (57344K)
 Metaspace       used 78406K, committed 78976K, reserved 1179648K
  class space    used 9564K, committed 9792K, reserved 1048576K
}
Event: 18.463 GC heap after
{Heap after GC invocations=28 (full 0):
 garbage-first heap   total reserved 12558336K, committed 745472K, used 356520K [0x0000000501800000, 0x0000000800000000)
  region size 8192K, 6 young (49152K), 6 survivors (49152K)
 Metaspace       used 78406K, committed 78976K, reserved 1179648K
  class space    used 9564K, committed 9792K, reserved 1048576K
}
Event: 18.975 GC heap before
{Heap before GC invocations=28 (full 0):
 garbage-first heap   total reserved 12558336K, committed 745472K, used 577704K [0x0000000501800000, 0x0000000800000000)
  region size 8192K, 33 young (270336K), 6 survivors (49152K)
 Metaspace       used 78406K, committed 78976K, reserved 1179648K
  class space    used 9564K, committed 9792K, reserved 1048576K
}
Event: 19.030 GC heap after
{Heap after GC invocations=29 (full 0):
 garbage-first heap   total reserved 12558336K, committed 745472K, used 455087K [0x0000000501800000, 0x0000000800000000)
  region size 8192K, 5 young (40960K), 5 survivors (40960K)
 Metaspace       used 78406K, committed 78976K, reserved 1179648K
  class space    used 9564K, committed 9792K, reserved 1048576K
}
Event: 19.500 GC heap before
{Heap before GC invocations=30 (full 0):
 garbage-first heap   total reserved 12558336K, committed 745472K, used 594351K [0x0000000501800000, 0x0000000800000000)
  region size 8192K, 24 young (196608K), 5 survivors (40960K)
 Metaspace       used 78406K, committed 78976K, reserved 1179648K
  class space    used 9564K, committed 9792K, reserved 1048576K
}
Event: 19.550 GC heap after
{Heap after GC invocations=31 (full 0):
 garbage-first heap   total reserved 12558336K, committed 745472K, used 507513K [0x0000000501800000, 0x0000000800000000)
  region size 8192K, 3 young (24576K), 3 survivors (24576K)
 Metaspace       used 78406K, committed 78976K, reserved 1179648K
  class space    used 9564K, committed 9792K, reserved 1048576K
}
Event: 19.803 GC heap before
{Heap before GC invocations=31 (full 0):
 garbage-first heap   total reserved 12558336K, committed 745472K, used 630393K [0x0000000501800000, 0x0000000800000000)
  region size 8192K, 18 young (147456K), 3 survivors (24576K)
 Metaspace       used 78409K, committed 78976K, reserved 1179648K
  class space    used 9564K, committed 9792K, reserved 1048576K
}
Event: 19.835 GC heap after
{Heap after GC invocations=32 (full 0):
 garbage-first heap   total reserved 12558336K, committed 1400832K, used 513291K [0x0000000501800000, 0x0000000800000000)
  region size 8192K, 3 young (24576K), 3 survivors (24576K)
 Metaspace       used 78409K, committed 78976K, reserved 1179648K
  class space    used 9564K, committed 9792K, reserved 1048576K
}
Event: 21.279 GC heap before
{Heap before GC invocations=32 (full 0):
 garbage-first heap   total reserved 12558336K, committed 1400832K, used 988427K [0x0000000501800000, 0x0000000800000000)
  region size 8192K, 61 young (499712K), 3 survivors (24576K)
 Metaspace       used 78601K, committed 79232K, reserved 1179648K
  class space    used 9593K, committed 9856K, reserved 1048576K
}
Event: 21.299 GC heap after
{Heap after GC invocations=33 (full 0):
 garbage-first heap   total reserved 12558336K, committed 1400832K, used 530945K [0x0000000501800000, 0x0000000800000000)
  region size 8192K, 5 young (40960K), 5 survivors (40960K)
 Metaspace       used 78601K, committed 79232K, reserved 1179648K
  class space    used 9593K, committed 9856K, reserved 1048576K
}
Event: 1593.015 GC heap before
{Heap before GC invocations=33 (full 0):
 garbage-first heap   total reserved 12558336K, committed 1400832K, used 1014273K [0x0000000501800000, 0x0000000800000000)
  region size 8192K, 64 young (524288K), 5 survivors (40960K)
 Metaspace       used 89892K, committed 90752K, reserved 1179648K
  class space    used 11133K, committed 11520K, reserved 1048576K
}
Event: 1593.030 GC heap after
{Heap after GC invocations=34 (full 0):
 garbage-first heap   total reserved 12558336K, committed 1400832K, used 521701K [0x0000000501800000, 0x0000000800000000)
  region size 8192K, 3 young (24576K), 3 survivors (24576K)
 Metaspace       used 89892K, committed 90752K, reserved 1179648K
  class space    used 11133K, committed 11520K, reserved 1048576K
}
Event: 6443.851 GC heap before
{Heap before GC invocations=34 (full 0):
 garbage-first heap   total reserved 12558336K, committed 1400832K, used 701925K [0x0000000501800000, 0x0000000800000000)
  region size 8192K, 26 young (212992K), 3 survivors (24576K)
 Metaspace       used 90022K, committed 90880K, reserved 1179648K
  class space    used 11152K, committed 11520K, reserved 1048576K
}
Event: 6443.861 GC heap after
{Heap after GC invocations=35 (full 0):
 garbage-first heap   total reserved 12558336K, committed 1400832K, used 518071K [0x0000000501800000, 0x0000000800000000)
  region size 8192K, 2 young (16384K), 2 survivors (16384K)
 Metaspace       used 90022K, committed 90880K, reserved 1179648K
  class space    used 11152K, committed 11520K, reserved 1048576K
}

